==================================================
Evaluating dataset: full_ar
==================================================


==================================================
Evaluating dataset: full_fa
==================================================


==================================================
Evaluating dataset: full_fr
==================================================


==================================================
Evaluating dataset: full_hi
==================================================


==================================================
Evaluating dataset: full_id
==================================================


==================================================
Evaluating dataset: full_iw
==================================================


==================================================
Evaluating dataset: full_ja
==================================================
